*** Starting uWSGI 2.0.18 (64bit) on [Sun Sep 29 19:22:02 2019] ***
compiled with version: 7.4.0 on 28 September 2019 07:42:42
os: Linux-5.0.0-29-generic #31~18.04.1-Ubuntu SMP Thu Sep 12 18:29:21 UTC 2019
nodename: ubuntu
machine: x86_64
clock source: unix
pcre jit disabled
detected number of CPU cores: 8
current working directory: /home/aaron/bj18/dailyfresh
writing pidfile to uwsgi.pid
detected binary path: /home/aaron/.virtualenvs/bj18_py3/bin/uwsgi
chdir() to /home/aaron/bj18/dailyfresh
your processes number limit is 15488
your memory page size is 4096 bytes
detected max file descriptor number: 1048576
lock engine: pthread robust mutexes
thunder lock: disabled (you can enable it with --thunder-lock)
uWSGI http bound on 127.0.0.1:8080 fd 4
uwsgi socket 0 bound to TCP address 127.0.0.1:34565 (port auto-assigned) fd 3
Python version: 3.6.8 (default, Aug 20 2019, 17:12:48)  [GCC 8.3.0]
Set PythonHome to /home/aaron/.virtualenvs/bj18_py3
Python main interpreter initialized at 0x5574a2360bb0
python threads support enabled
your server socket listen backlog is limited to 100 connections
your mercy for graceful operations on workers is 60 seconds
mapped 416880 bytes (407 KB) for 8 cores
*** Operational MODE: preforking+threaded ***
WSGI app 0 (mountpoint='') ready in 1 seconds on interpreter 0x5574a2360bb0 pid: 2681 (default app)
*** uWSGI is running in multiple interpreter mode ***
spawned uWSGI master process (pid: 2681)
spawned uWSGI worker 1 (pid: 2683, cores: 2)
spawned uWSGI worker 2 (pid: 2685, cores: 2)
spawned uWSGI worker 3 (pid: 2687, cores: 2)
spawned uWSGI worker 4 (pid: 2689, cores: 2)
spawned uWSGI http 1 (pid: 2691)
[pid: 2689|app: 0|req: 1/1] 127.0.0.1 () {36 vars in 597 bytes} [Sun Sep 29 19:23:06 2019] GET / => generated 74 bytes in 853 msecs (HTTP/1.1 404) 2 headers in 80 bytes (1 switches on core 0)
[pid: 2689|app: 0|req: 2/2] 127.0.0.1 () {34 vars in 535 bytes} [Sun Sep 29 19:23:07 2019] GET /favicon.ico => generated 85 bytes in 2 msecs (HTTP/1.1 404) 2 headers in 80 bytes (1 switches on core 1)
[pid: 2689|app: 0|req: 3/3] 127.0.0.1 () {36 vars in 607 bytes} [Sun Sep 29 19:23:10 2019] GET /index => generated 27 bytes in 19 msecs (HTTP/1.1 500) 2 headers in 92 bytes (1 switches on core 0)
SIGINT/SIGQUIT received...killing workers...
gateway "uWSGI http 1" has been buried (pid: 2691)
worker 1 buried after 1 seconds
worker 2 buried after 1 seconds
worker 3 buried after 1 seconds
worker 4 buried after 1 seconds
goodbye to uWSGI.
*** Starting uWSGI 2.0.18 (64bit) on [Mon Oct  7 13:36:58 2019] ***
compiled with version: 7.4.0 on 28 September 2019 07:42:42
os: Linux-5.0.0-29-generic #31~18.04.1-Ubuntu SMP Thu Sep 12 18:29:21 UTC 2019
nodename: ubuntu
machine: x86_64
clock source: unix
pcre jit disabled
detected number of CPU cores: 8
current working directory: /home/aaron/bj18/dailyfresh
writing pidfile to uwsgi.pid
detected binary path: /home/aaron/.virtualenvs/bj18_py3/bin/uwsgi
chdir() to /home/aaron/bj18/dailyfresh
your processes number limit is 15488
your memory page size is 4096 bytes
detected max file descriptor number: 1048576
lock engine: pthread robust mutexes
thunder lock: disabled (you can enable it with --thunder-lock)
uWSGI http bound on 127.0.0.1:8080 fd 4
uwsgi socket 0 bound to TCP address 127.0.0.1:42665 (port auto-assigned) fd 3
Python version: 3.6.8 (default, Aug 20 2019, 17:12:48)  [GCC 8.3.0]
Set PythonHome to /home/aaron/.virtualenvs/bj18_py3
Python main interpreter initialized at 0x565048379bb0
python threads support enabled
your server socket listen backlog is limited to 100 connections
your mercy for graceful operations on workers is 60 seconds
mapped 416880 bytes (407 KB) for 8 cores
*** Operational MODE: preforking+threaded ***
WSGI app 0 (mountpoint='') ready in 3 seconds on interpreter 0x565048379bb0 pid: 9531 (default app)
*** uWSGI is running in multiple interpreter mode ***
spawned uWSGI master process (pid: 9531)
spawned uWSGI worker 1 (pid: 9533, cores: 2)
spawned uWSGI worker 2 (pid: 9534, cores: 2)
spawned uWSGI worker 3 (pid: 9535, cores: 2)
spawned uWSGI worker 4 (pid: 9538, cores: 2)
spawned uWSGI http 1 (pid: 9541)
[pid: 9538|app: 0|req: 1/1] 127.0.0.1 () {44 vars in 851 bytes} [Mon Oct  7 13:37:42 2019] GET /index => generated 27 bytes in 7412 msecs (HTTP/1.1 500) 2 headers in 92 bytes (1 switches on core 0)
[pid: 9535|app: 0|req: 1/2] 127.0.0.1 () {42 vars in 773 bytes} [Mon Oct  7 13:37:49 2019] GET /favicon.ico => generated 85 bytes in 487 msecs (HTTP/1.1 404) 2 headers in 80 bytes (1 switches on core 0)
[pid: 9538|app: 0|req: 2/3] 127.0.0.1 () {46 vars in 882 bytes} [Mon Oct  7 13:39:08 2019] GET /index => generated 27 bytes in 6 msecs (HTTP/1.1 500) 2 headers in 92 bytes (1 switches on core 1)
SIGINT/SIGQUIT received...killing workers...
gateway "uWSGI http 1" has been buried (pid: 9541)
worker 1 buried after 1 seconds
worker 2 buried after 1 seconds
worker 3 buried after 1 seconds
worker 4 buried after 1 seconds
goodbye to uWSGI.
*** Starting uWSGI 2.0.18 (64bit) on [Mon Oct  7 14:14:52 2019] ***
compiled with version: 7.4.0 on 28 September 2019 07:42:42
os: Linux-5.0.0-29-generic #31~18.04.1-Ubuntu SMP Thu Sep 12 18:29:21 UTC 2019
nodename: ubuntu
machine: x86_64
clock source: unix
pcre jit disabled
detected number of CPU cores: 8
current working directory: /home/aaron/bj18/dailyfresh
writing pidfile to uwsgi.pid
detected binary path: /home/aaron/.virtualenvs/bj18_py3/bin/uwsgi
chdir() to /home/aaron/bj18/dailyfresh
your processes number limit is 15488
your memory page size is 4096 bytes
detected max file descriptor number: 1048576
lock engine: pthread robust mutexes
thunder lock: disabled (you can enable it with --thunder-lock)
uwsgi socket 0 bound to TCP address 127.0.0.1:8080 fd 3
Python version: 3.6.8 (default, Aug 20 2019, 17:12:48)  [GCC 8.3.0]
Set PythonHome to /home/aaron/.virtualenvs/bj18_py3
Python main interpreter initialized at 0x5648eba24ac0
python threads support enabled
your server socket listen backlog is limited to 100 connections
your mercy for graceful operations on workers is 60 seconds
mapped 416880 bytes (407 KB) for 8 cores
*** Operational MODE: preforking+threaded ***
WSGI app 0 (mountpoint='') ready in 1 seconds on interpreter 0x5648eba24ac0 pid: 10564 (default app)
*** uWSGI is running in multiple interpreter mode ***
spawned uWSGI master process (pid: 10564)
spawned uWSGI worker 1 (pid: 10566, cores: 2)
spawned uWSGI worker 2 (pid: 10567, cores: 2)
spawned uWSGI worker 3 (pid: 10569, cores: 2)
spawned uWSGI worker 4 (pid: 10571, cores: 2)
invalid request block size: 21573 (max 4096)...skip
invalid request block size: 21573 (max 4096)...skip
invalid request block size: 21573 (max 4096)...skip
invalid request block size: 21573 (max 4096)...skip
invalid request block size: 21573 (max 4096)...skip
invalid request block size: 21573 (max 4096)...skip
invalid request block size: 21573 (max 4096)...skip
invalid request block size: 21573 (max 4096)...skip
invalid request block size: 21573 (max 4096)...skip
invalid request block size: 21573 (max 4096)...skip
invalid request block size: 21573 (max 4096)...skip
invalid request block size: 21573 (max 4096)...skip
invalid request block size: 21573 (max 4096)...skip
invalid request block size: 21573 (max 4096)...skip
invalid request block size: 21573 (max 4096)...skip
invalid request block size: 21573 (max 4096)...skip
invalid request block size: 21573 (max 4096)...skip
invalid request block size: 21573 (max 4096)...skip
invalid request block size: 21573 (max 4096)...skip
invalid request block size: 21573 (max 4096)...skip
invalid request block size: 21573 (max 4096)...skip
invalid request block size: 21573 (max 4096)...skip
invalid request block size: 21573 (max 4096)...skip
invalid request block size: 21573 (max 4096)...skip
invalid request block size: 21573 (max 4096)...skip
invalid request block size: 21573 (max 4096)...skip
invalid request block size: 21573 (max 4096)...skip
invalid request block size: 21573 (max 4096)...skip
invalid request block size: 21573 (max 4096)...skip
invalid request block size: 21573 (max 4096)...skip
invalid request block size: 21573 (max 4096)...skip
invalid request block size: 21573 (max 4096)...skip
invalid request block size: 21573 (max 4096)...skip
invalid request block size: 21573 (max 4096)...skip
invalid request block size: 21573 (max 4096)...skip
invalid request block size: 21573 (max 4096)...skip
invalid request block size: 21573 (max 4096)...skip
invalid request block size: 21573 (max 4096)...skip
invalid request block size: 21573 (max 4096)...skip
invalid request block size: 21573 (max 4096)...skip
invalid request block size: 21573 (max 4096)...skip
invalid request block size: 21573 (max 4096)...skip
invalid request block size: 21573 (max 4096)...skip
invalid request block size: 21573 (max 4096)...skip
invalid request block size: 21573 (max 4096)...skip
invalid request block size: 21573 (max 4096)...skip
invalid request block size: 21573 (max 4096)...skip
invalid request block size: 21573 (max 4096)...skip
invalid request block size: 21573 (max 4096)...skip
invalid request block size: 21573 (max 4096)...skip
invalid request block size: 21573 (max 4096)...skip
invalid request block size: 21573 (max 4096)...skip
invalid request block size: 21573 (max 4096)...skip
invalid request block size: 21573 (max 4096)...skip
invalid request block size: 21573 (max 4096)...skip
invalid request block size: 21573 (max 4096)...skip
invalid request block size: 21573 (max 4096)...skip
invalid request block size: 21573 (max 4096)...skip
invalid request block size: 21573 (max 4096)...skip
invalid request block size: 21573 (max 4096)...skip
invalid request block size: 21573 (max 4096)...skip
invalid request block size: 21573 (max 4096)...skip
invalid request block size: 21573 (max 4096)...skip
invalid request block size: 21573 (max 4096)...skip
invalid request block size: 21573 (max 4096)...skip
invalid request block size: 21573 (max 4096)...skip
invalid request block size: 21573 (max 4096)...skip
invalid request block size: 21573 (max 4096)...skip
invalid request block size: 21573 (max 4096)...skip
invalid request block size: 21573 (max 4096)...skip
invalid request block size: 21573 (max 4096)...skip
invalid request block size: 21573 (max 4096)...skip
invalid request block size: 21573 (max 4096)...skip
invalid request block size: 21573 (max 4096)...skip
invalid request block size: 21573 (max 4096)...skip
invalid request block size: 21573 (max 4096)...skip
invalid request block size: 21573 (max 4096)...skip
invalid request block size: 21573 (max 4096)...skip
invalid request block size: 21573 (max 4096)...skip
invalid request block size: 21573 (max 4096)...skip
invalid request block size: 21573 (max 4096)...skip
invalid request block size: 21573 (max 4096)...skip
invalid request block size: 21573 (max 4096)...skip
invalid request block size: 21573 (max 4096)...skip
invalid request block size: 21573 (max 4096)...skip
invalid request block size: 21573 (max 4096)...skip
invalid request block size: 21573 (max 4096)...skip
invalid request block size: 21573 (max 4096)...skip
invalid request block size: 21573 (max 4096)...skip
invalid request block size: 21573 (max 4096)...skip
invalid request block size: 21573 (max 4096)...skip
invalid request block size: 21573 (max 4096)...skip
invalid request block size: 21573 (max 4096)...skip
invalid request block size: 21573 (max 4096)...skip
invalid request block size: 21573 (max 4096)...skip
invalid request block size: 21573 (max 4096)...skip
invalid request block size: 21573 (max 4096)...skip
invalid request block size: 21573 (max 4096)...skip
invalid request block size: 21573 (max 4096)...skip
invalid request block size: 21573 (max 4096)...skip
invalid request block size: 21573 (max 4096)...skip
invalid request block size: 21573 (max 4096)...skip
invalid request block size: 21573 (max 4096)...skip
invalid request block size: 21573 (max 4096)...skip
invalid request block size: 21573 (max 4096)...skip
invalid request block size: 21573 (max 4096)...skip
invalid request block size: 21573 (max 4096)...skip
invalid request block size: 21573 (max 4096)...skip
invalid request block size: 21573 (max 4096)...skip
invalid request block size: 21573 (max 4096)...skip
invalid request block size: 21573 (max 4096)...skip
invalid request block size: 21573 (max 4096)...skip
invalid request block size: 21573 (max 4096)...skip
invalid request block size: 21573 (max 4096)...skip
invalid request block size: 21573 (max 4096)...skip
invalid request block size: 21573 (max 4096)...skip
invalid request block size: 21573 (max 4096)...skip
invalid request block size: 21573 (max 4096)...skip
invalid request block size: 21573 (max 4096)...skip
invalid request block size: 21573 (max 4096)...skip
invalid request block size: 21573 (max 4096)...skip
invalid request block size: 21573 (max 4096)...skip
invalid request block size: 21573 (max 4096)...skip
invalid request block size: 21573 (max 4096)...skip
invalid request block size: 21573 (max 4096)...skip
invalid request block size: 21573 (max 4096)...skip
invalid request block size: 21573 (max 4096)...skip
invalid request block size: 21573 (max 4096)...skip
invalid request block size: 21573 (max 4096)...skip
invalid request block size: 21573 (max 4096)...skip
invalid request block size: 21573 (max 4096)...skip
invalid request block size: 21573 (max 4096)...skip
invalid request block size: 21573 (max 4096)...skip
invalid request block size: 21573 (max 4096)...skip
invalid request block size: 21573 (max 4096)...skip
invalid request block size: 21573 (max 4096)...skip
...brutally killing workers...
Gracefully killing worker 2 (pid: 10567)...
worker 1 buried after 2 seconds
worker 2 buried after 2 seconds
worker 3 buried after 2 seconds
worker 4 buried after 2 seconds
binary reloading uWSGI...
chdir() to /home/aaron/bj18/dailyfresh
closing all non-uwsgi socket fds > 2 (max_fd = 1048576)...
found fd 3 mapped to socket 0 (127.0.0.1:8080)
running /home/aaron/.virtualenvs/bj18_py3/bin/uwsgi
[uWSGI] getting INI configuration from uwsgi.ini
*** Starting uWSGI 2.0.18 (64bit) on [Tue Oct  8 10:47:43 2019] ***
compiled with version: 7.4.0 on 28 September 2019 07:42:42
os: Linux-5.0.0-29-generic #31~18.04.1-Ubuntu SMP Thu Sep 12 18:29:21 UTC 2019
nodename: ubuntu
machine: x86_64
clock source: unix
pcre jit disabled
detected number of CPU cores: 8
current working directory: /home/aaron/bj18/dailyfresh
detected binary path: /home/aaron/.virtualenvs/bj18_py3/bin/uwsgi
chdir() to /home/aaron/bj18/dailyfresh
your processes number limit is 15488
your memory page size is 4096 bytes
detected max file descriptor number: 1048576
lock engine: pthread robust mutexes
thunder lock: disabled (you can enable it with --thunder-lock)
uwsgi socket 0 inherited INET address 127.0.0.1:8080 fd 3
Python version: 3.6.8 (default, Aug 20 2019, 17:12:48)  [GCC 8.3.0]
Set PythonHome to /home/aaron/.virtualenvs/bj18_py3
Python main interpreter initialized at 0x5643bf97d370
python threads support enabled
your server socket listen backlog is limited to 100 connections
your mercy for graceful operations on workers is 60 seconds
mapped 416880 bytes (407 KB) for 8 cores
*** Operational MODE: preforking+threaded ***
WSGI app 0 (mountpoint='') ready in 1 seconds on interpreter 0x5643bf97d370 pid: 10564 (default app)
*** uWSGI is running in multiple interpreter mode ***
gracefully (RE)spawned uWSGI master process (pid: 10564)
spawned uWSGI worker 1 (pid: 16640, cores: 2)
spawned uWSGI worker 2 (pid: 16641, cores: 2)
spawned uWSGI worker 3 (pid: 16643, cores: 2)
spawned uWSGI worker 4 (pid: 16645, cores: 2)
